
Starting:    C:\Actel\Libero_v9.1\Synopsys\synplify_E201009A-1\bin\mbin\synplify.exe
Install:     C:\Actel\Libero_v9.1\Synopsys\synplify_E201009A-1
Date:        Mon Dec 16 10:07:05 2013
Version:     E-2010.09A-1

Arguments:   -product synplify_pro Top_syn.prj
ProductType: synplify_pro

License checkout: synplifypro_actel
License: synplifypro_actel node-locked 
Licensed Vendor: actel
License Feature: actel_oem



"maxfan_hard3" is unrecognized option for current device

Running synthesis on Top_syn:synthesis

log file: "C:\Actelprj\SDRv2_radio_on_linux_asynrst\synthesis\Top.srr"



Running HDL Compiler...


Compiler Completed with warnings
Return Code: 1
Run Time:00:00:03


Running SmartFusion Mapper...


SmartFusion Mapper Completed with warnings
Return Code: 1
Run Time:00:00:25

exit status=0


License checkin: synplifypro_actel

