C:\Microsemi\Libero_v11.4\Synopsys\synplify_I201309MSP1-1\bin64\c_ver.exe  -osyn  C:\Actelprj\SDRv2_radio_on_linux_asynrst\synthesis\synwork\Top_comp.srs  -top  Top  -prodtype  synplify_pro  -nram -fixsmult   -divnmod -I C:\Actelprj\SDRv2_radio_on_linux_asynrst\synthesis\  -I C:\Microsemi\Libero_v11.4\Synopsys\synplify_I201309MSP1-1\lib  -v2001  -devicelib  C:\Microsemi\Libero_v11.4\Synopsys\synplify_I201309MSP1-1\lib\proasic\smartfusion.v  -encrypt  -pro  -dmgen  C:\Actelprj\SDRv2_radio_on_linux_asynrst\synthesis\dm  -ui -fid2 -ram -sharing on  -ll 2000 -autosm -lib work C:\Actelprj\SDRv2_radio_on_linux_asynrst\component\work\SDR_MSS\mss_tshell.v -lib work C:\Actelprj\SDRv2_radio_on_linux_asynrst\component\Actel\SmartFusionMSS\MSS\2.5.106\mss_comps.v -lib work C:\Actelprj\SDRv2_radio_on_linux_asynrst\component\work\SDR_MSS\MSS_CCC_0\SDR_MSS_tmp_MSS_CCC_0_MSS_CCC.v -lib work C:\Actelprj\SDRv2_radio_on_linux_asynrst\component\work\SDR_MSS\SDR_MSS.v -lib work C:\Actelprj\SDRv2_radio_on_linux_asynrst\hdl\fm_demux.v -lib work C:\Actelprj\SDRv2_radio_on_linux_asynrst\hdl\radio_ctl.v -lib work C:\Actelprj\SDRv2_radio_on_linux_asynrst\hdl\frame_ctl.v -lib work C:\Actelprj\SDRv2_radio_on_linux_asynrst\hdl\crc.v -lib work C:\Actelprj\SDRv2_radio_on_linux_asynrst\hdl\bit_accumlator.v -lib work C:\Actelprj\SDRv2_radio_on_linux_asynrst\hdl\zero_finding.v -lib work C:\Actelprj\SDRv2_radio_on_linux_asynrst\hdl\hs_match.v -lib work C:\Actelprj\SDRv2_radio_on_linux_asynrst\hdl\seq_compare.v -lib work C:\Actelprj\SDRv2_radio_on_linux_asynrst\hdl\sfd_sync.v -lib work C:\Actelprj\SDRv2_radio_on_linux_asynrst\smartgen\r_fifo\r_fifo.v -lib work C:\Actelprj\SDRv2_radio_on_linux_asynrst\hdl\correlator.v -lib work C:\Actelprj\SDRv2_radio_on_linux_asynrst\smartgen\fifo12x8\fifo12x8.v -lib work C:\Actelprj\SDRv2_radio_on_linux_asynrst\smartgen\fifo128x8\fifo128x8.v -lib work C:\Actelprj\SDRv2_radio_on_linux_asynrst\hdl\sin_table.v -lib work C:\Actelprj\SDRv2_radio_on_linux_asynrst\hdl\chip_seq.v -lib work C:\Actelprj\SDRv2_radio_on_linux_asynrst\hdl\fifo2wave.v -lib work C:\Actelprj\SDRv2_radio_on_linux_asynrst\hdl\fifo_ctl.v -lib work C:\Actelprj\SDRv2_radio_on_linux_asynrst\hdl\idx_ctl.v -lib work C:\Actelprj\SDRv2_radio_on_linux_asynrst\hdl\agc_table2.v -lib work C:\Actelprj\SDRv2_radio_on_linux_asynrst\hdl\rssiADC.v -lib work C:\Actelprj\SDRv2_radio_on_linux_asynrst\hdl\agc.v -lib work C:\Actelprj\SDRv2_radio_on_linux_asynrst\hdl\spi_tx.v -lib work C:\Actelprj\SDRv2_radio_on_linux_asynrst\hdl\max2831_spi.v -lib work C:\Actelprj\SDRv2_radio_on_linux_asynrst\hdl\SDRv2_top.v -lib COREAHBLITE_LIB C:\Actelprj\SDRv2_radio_on_linux_asynrst\component\Actel\DirectCore\CoreAHBLite\3.1.102\rtl\vlog\core_obfuscated\coreahblite_addrdec.v -lib COREAHBLITE_LIB C:\Actelprj\SDRv2_radio_on_linux_asynrst\component\Actel\DirectCore\CoreAHBLite\3.1.102\rtl\vlog\core_obfuscated\coreahblite_defaultslavesm.v -lib COREAHBLITE_LIB C:\Actelprj\SDRv2_radio_on_linux_asynrst\component\Actel\DirectCore\CoreAHBLite\3.1.102\rtl\vlog\core_obfuscated\coreahblite_masterstage.v -lib COREAHBLITE_LIB C:\Actelprj\SDRv2_radio_on_linux_asynrst\component\Actel\DirectCore\CoreAHBLite\3.1.102\rtl\vlog\core_obfuscated\coreahblite_slavearbiter.v -lib COREAHBLITE_LIB C:\Actelprj\SDRv2_radio_on_linux_asynrst\component\Actel\DirectCore\CoreAHBLite\3.1.102\rtl\vlog\core_obfuscated\coreahblite_slavestage.v -lib COREAHBLITE_LIB C:\Actelprj\SDRv2_radio_on_linux_asynrst\component\Actel\DirectCore\CoreAHBLite\3.1.102\rtl\vlog\core_obfuscated\coreahblite_initcfg_awrap.v -lib COREAHBLITE_LIB C:\Actelprj\SDRv2_radio_on_linux_asynrst\component\Actel\DirectCore\CoreAHBLite\3.1.102\rtl\vlog\core_obfuscated\coreahblite_initcfg.v -lib COREAHBLITE_LIB C:\Actelprj\SDRv2_radio_on_linux_asynrst\component\Actel\DirectCore\CoreAHBLite\3.1.102\rtl\vlog\core_obfuscated\coreahblite_matrix2x16.v -lib COREAHBLITE_LIB C:\Actelprj\SDRv2_radio_on_linux_asynrst\component\Actel\DirectCore\CoreAHBLite\3.1.102\rtl\vlog\core_obfuscated\coreahblite.v -lib work C:\Actelprj\SDRv2_radio_on_linux_asynrst\component\work\Top\Top.v -loga  C:\Actelprj\SDRv2_radio_on_linux_asynrst\synthesis\Top.srr 
rc:1 success:1
C:\Actelprj\SDRv2_radio_on_linux_asynrst\synthesis\synwork\Top_comp.srs|o|1422565555|265152
C:\Microsemi\Libero_v11.4\Synopsys\synplify_I201309MSP1-1\lib\proasic\smartfusion.v|i|1389715496|72817
C:\Actelprj\SDRv2_radio_on_linux_asynrst\component\work\SDR_MSS\mss_tshell.v|i|1422565464|12560
C:\Actelprj\SDRv2_radio_on_linux_asynrst\component\Actel\SmartFusionMSS\MSS\2.5.106\mss_comps.v|i|1421219166|11243
C:\Actelprj\SDRv2_radio_on_linux_asynrst\component\work\SDR_MSS\MSS_CCC_0\SDR_MSS_tmp_MSS_CCC_0_MSS_CCC.v|i|1422565456|2886
C:\Actelprj\SDRv2_radio_on_linux_asynrst\component\work\SDR_MSS\SDR_MSS.v|i|1422565472|34842
C:\Actelprj\SDRv2_radio_on_linux_asynrst\hdl\fm_demux.v|i|1387060704|4190
C:\Actelprj\SDRv2_radio_on_linux_asynrst\hdl\radio_ctl.v|i|1387206330|12263
C:\Actelprj\SDRv2_radio_on_linux_asynrst\hdl\frame_ctl.v|i|1386950956|6564
C:\Actelprj\SDRv2_radio_on_linux_asynrst\hdl\crc.v|i|1386891790|3424
C:\Actelprj\SDRv2_radio_on_linux_asynrst\hdl\bit_accumlator.v|i|1328845824|2157
C:\Actelprj\SDRv2_radio_on_linux_asynrst\hdl\zero_finding.v|i|1386950988|4927
C:\Actelprj\SDRv2_radio_on_linux_asynrst\hdl\hs_match.v|i|1386892606|9776
C:\Actelprj\SDRv2_radio_on_linux_asynrst\hdl\seq_compare.v|i|1386893912|6052
C:\Actelprj\SDRv2_radio_on_linux_asynrst\hdl\sfd_sync.v|i|1386894434|3457
C:\Actelprj\SDRv2_radio_on_linux_asynrst\smartgen\r_fifo\r_fifo.v|i|1345755960|2615
C:\Actelprj\SDRv2_radio_on_linux_asynrst\hdl\correlator.v|i|1387206330|14384
C:\Actelprj\SDRv2_radio_on_linux_asynrst\smartgen\fifo12x8\fifo12x8.v|i|1346349382|30600
C:\Actelprj\SDRv2_radio_on_linux_asynrst\smartgen\fifo128x8\fifo128x8.v|i|1345757196|23167
C:\Actelprj\SDRv2_radio_on_linux_asynrst\hdl\sin_table.v|i|1321050518|3490
C:\Actelprj\SDRv2_radio_on_linux_asynrst\hdl\chip_seq.v|i|1321050258|2390
C:\Actelprj\SDRv2_radio_on_linux_asynrst\hdl\fifo2wave.v|i|1386891724|5165
C:\Actelprj\SDRv2_radio_on_linux_asynrst\hdl\fifo_ctl.v|i|1387206330|17818
C:\Actelprj\SDRv2_radio_on_linux_asynrst\hdl\idx_ctl.v|i|1386951036|6408
C:\Actelprj\SDRv2_radio_on_linux_asynrst\hdl\agc_table2.v|i|1386891194|1987
C:\Actelprj\SDRv2_radio_on_linux_asynrst\hdl\rssiADC.v|i|1386893606|2284
C:\Actelprj\SDRv2_radio_on_linux_asynrst\hdl\agc.v|i|1386891192|5787
C:\Actelprj\SDRv2_radio_on_linux_asynrst\hdl\spi_tx.v|i|1386894706|3877
C:\Actelprj\SDRv2_radio_on_linux_asynrst\hdl\max2831_spi.v|i|1386951058|3944
C:\Actelprj\SDRv2_radio_on_linux_asynrst\hdl\SDRv2_top.v|i|1387206330|9217
C:\Actelprj\SDRv2_radio_on_linux_asynrst\component\Actel\DirectCore\CoreAHBLite\3.1.102\rtl\vlog\core_obfuscated\coreahblite_addrdec.v|i|1421219211|7717
C:\Actelprj\SDRv2_radio_on_linux_asynrst\component\Actel\DirectCore\CoreAHBLite\3.1.102\rtl\vlog\core_obfuscated\coreahblite_defaultslavesm.v|i|1421219211|1299
C:\Actelprj\SDRv2_radio_on_linux_asynrst\component\Actel\DirectCore\CoreAHBLite\3.1.102\rtl\vlog\core_obfuscated\coreahblite_masterstage.v|i|1421219211|25186
C:\Actelprj\SDRv2_radio_on_linux_asynrst\component\Actel\DirectCore\CoreAHBLite\3.1.102\rtl\vlog\core_obfuscated\coreahblite_slavearbiter.v|i|1421219211|3648
C:\Actelprj\SDRv2_radio_on_linux_asynrst\component\Actel\DirectCore\CoreAHBLite\3.1.102\rtl\vlog\core_obfuscated\coreahblite_slavestage.v|i|1421219211|4540
C:\Actelprj\SDRv2_radio_on_linux_asynrst\component\Actel\DirectCore\CoreAHBLite\3.1.102\rtl\vlog\core_obfuscated\coreahblite_initcfg_awrap.v|i|1421219211|4604
C:\Actelprj\SDRv2_radio_on_linux_asynrst\component\Actel\DirectCore\CoreAHBLite\3.1.102\rtl\vlog\core_obfuscated\coreahblite_initcfg.v|i|1421219211|6699
C:\Actelprj\SDRv2_radio_on_linux_asynrst\component\Actel\DirectCore\CoreAHBLite\3.1.102\rtl\vlog\core_obfuscated\coreahblite_matrix2x16.v|i|1421219211|116411
C:\Actelprj\SDRv2_radio_on_linux_asynrst\component\Actel\DirectCore\CoreAHBLite\3.1.102\rtl\vlog\core_obfuscated\coreahblite.v|i|1421219211|28650
C:\Actelprj\SDRv2_radio_on_linux_asynrst\component\work\Top\Top.v|i|1422565510|40336
C:\Actelprj\SDRv2_radio_on_linux_asynrst\synthesis\Top.srr|o|1422565555|81221
C:\Microsemi\Libero_v11.4\Synopsys\synplify_I201309MSP1-1\bin64\c_ver.exe|i|1389683658|5733376
C:\Microsemi\Libero_v11.4\Synopsys\synplify_I201309MSP1-1\bin\c_ver.exe|i|1389683444|2205696
