Target Part: A2F500M3G_FBGA484_STD
Report for cell Top.verilog
  Core Cell usage:
              cell count     area count*area
              AND2   127      1.0      127.0
             AND2A     8      1.0        8.0
              AND3    17      1.0       17.0
               AO1   328      1.0      328.0
              AO13   145      1.0      145.0
              AO16     1      1.0        1.0
              AO18    92      1.0       92.0
              AO1A    92      1.0       92.0
              AO1B    10      1.0       10.0
              AO1C    86      1.0       86.0
              AO1D    11      1.0       11.0
              AOI1    17      1.0       17.0
             AOI1A     2      1.0        2.0
             AOI1B    16      1.0       16.0
              AOI5     1      1.0        1.0
               AX1     4      1.0        4.0
              AX1B     6      1.0        6.0
              AX1C    29      1.0       29.0
              AX1D    19      1.0       19.0
              AX1E     2      1.0        2.0
              AXO5     2      1.0        2.0
              AXO6     2      1.0        2.0
              AXO7     1      1.0        1.0
             AXOI3     3      1.0        3.0
             AXOI4     1      1.0        1.0
             AXOI5     1      1.0        1.0
             AXOI7     1      1.0        1.0
            CLKINT     3      0.0        0.0
               GND    67      0.0        0.0
               INV    45      1.0       45.0
              MAJ3   274      1.0      274.0
              MIN3    22      1.0       22.0
            MSSINT    12      0.0        0.0
           MSS_AHB     1      0.0        0.0
           MSS_CCC     1      0.0        0.0
               MX2   616      1.0      616.0
              MX2A     9      1.0        9.0
              MX2B    16      1.0       16.0
              MX2C    21      1.0       21.0
             NAND2     6      1.0        6.0
            NAND3A     6      1.0        6.0
              NOR2   115      1.0      115.0
             NOR2A   360      1.0      360.0
             NOR2B   770      1.0      770.0
              NOR3    28      1.0       28.0
             NOR3A    76      1.0       76.0
             NOR3B   154      1.0      154.0
             NOR3C   211      1.0      211.0
               OA1   124      1.0      124.0
              OA1A    72      1.0       72.0
              OA1B    19      1.0       19.0
              OA1C    39      1.0       39.0
              OAI1     8      1.0        8.0
               OR2   218      1.0      218.0
              OR2A   182      1.0      182.0
              OR2B    48      1.0       48.0
               OR3   281      1.0      281.0
              OR3A    15      1.0       15.0
              OR3B    18      1.0       18.0
              OR3C     7      1.0        7.0
            PLLINT     1      0.0        0.0
               VCC    67      0.0        0.0
               XA1    56      1.0       56.0
              XA1A    17      1.0       17.0
              XA1B    45      1.0       45.0
              XA1C    26      1.0       26.0
              XAI1     5      1.0        5.0
             XNOR2   144      1.0      144.0
             XNOR3    97      1.0       97.0
               XO1     5      1.0        5.0
              XO1A     7      1.0        7.0
              XOR2   556      1.0      556.0
              XOR3   393      1.0      393.0
              ZOR3     1      1.0        1.0


          DFI1E1C0     1      1.0        1.0
            DFN1C0   490      1.0      490.0
            DFN1C1     2      1.0        2.0
          DFN1E0C0   419      1.0      419.0
          DFN1E0C1    10      1.0       10.0
          DFN1E0P0     9      1.0        9.0
          DFN1E0P1     5      1.0        5.0
            DFN1E1     1      1.0        1.0
          DFN1E1C0   907      1.0      907.0
          DFN1E1P0    46      1.0       46.0
            DFN1P0    39      1.0       39.0
          FIFO4K18     1      0.0        0.0
            RAM4K9     3      0.0        0.0
                   -----          ----------
             TOTAL  8221              8065.0


  IO Cell usage:
              cell count
         BIBUF_MSS     3
             INBUF    22
         INBUF_MSS     7
        MSS_XTLOSC     1
            OUTBUF    53
        OUTBUF_MSS    13
       TRIBUFF_MSS     1
                   -----
             TOTAL   100


Core Cells         : 8065 of 11520 (70%)
IO Cells           : 100

  RAM/ROM Usage Summary
Block Rams : 4 of 24 (16%)

